{"logTime": "0701/162522", "correlationVector":"RNsya0N2H4RRZid4DF6G2W.1","action":"SyncServerConnectionManagerRequest", "result":"SYNC_SERVER_OK", "context":{"environment":"Prod_SoutheastAsia_000j", "migrationStage":"NotStarted", "server":"GENERAL0100001J"}}
{"logTime": "0701/162523", "correlationVector":"fo4LDFh+g7teCZqDrbjOal","action":"SyncServerConnectionManagerRequest", "result":"SYNC_SERVER_OK", "context":{"environment":"", "migrationStage":"", "server":""}}
{"logTime": "0701/162523", "correlationVector":"RNsya0N2H4RRZid4DF6G2W","action":"Initial GetUpdates", "result":"", "context":Reason: NEW_CLIENT. cV=RNsya0N2H4RRZid4DF6G2W}
{"logTime": "0701/162523", "correlationVector":"RNsya0N2H4RRZid4DF6G2W.2","action":"GetUpdates Response", "result":"Success", "context":Received 1 update(s). cV=RNsya0N2H4RRZid4DF6G2W.0;server=GENERAL0100001J;cloudType=Consumer;environment=Prod_SoutheastAsia_000j;migrationStage=NotStarted}
{"logTime": "0701/162523", "correlationVector":"h+8FJrCKNhj6yE3uE1m3c4","action":"Initial GetUpdates", "result":"", "context":Reason: NEW_CLIENT. cV=h+8FJrCKNhj6yE3uE1m3c4}
{"logTime": "0701/162524", "correlationVector":"h+8FJrCKNhj6yE3uE1m3c4.1","action":"SyncServerConnectionManagerRequest", "result":"SYNC_SERVER_OK", "context":{"environment":"Prod_SoutheastAsia_000j", "migrationStage":"NotStarted", "server":"GENERAL0300000O"}}
{"logTime": "0701/162524", "correlationVector":"h+8FJrCKNhj6yE3uE1m3c4.2","action":"GetUpdates Response", "result":"Success", "context":Received 18 update(s). cV=h+8FJrCKNhj6yE3uE1m3c4.0;server=GENERAL0300000O;cloudType=Consumer;environment=Prod_SoutheastAsia_000j;migrationStage=NotStarted}
{"logTime": "0701/162524", "correlationVector":"x6qdFsRK5FqXa0iywRFAlR","action":"Normal GetUpdate request", "result":"", "context":cV=x6qdFsRK5FqXa0iywRFAlR
Nudged types: Device Info, User Consents
Refresh requested types: Device Info, User Consents, Send Tab To Self, Encryption Keys}
{"logTime": "0701/162524", "correlationVector":"x6qdFsRK5FqXa0iywRFAlR.1","action":"SyncServerConnectionManagerRequest", "result":"SYNC_SERVER_OK", "context":{"environment":"Prod_SoutheastAsia_000j", "migrationStage":"NotStarted", "server":"GENERAL0300001K"}}
{"logTime": "0701/162524", "correlationVector":"x6qdFsRK5FqXa0iywRFAlR.2","action":"GetUpdates Response", "result":"Success", "context":Received 0 update(s). cV=x6qdFsRK5FqXa0iywRFAlR.0;server=GENERAL0300001K;cloudType=Consumer;environment=Prod_SoutheastAsia_000j;migrationStage=NotStarted}
{"logTime": "0701/162524", "correlationVector":"R0hUVUc6+oZtTUdWmV4mdm","action":"DoCompareDataConsistency requsted types: ", "result":"Send Tab To Self, Encryption Keys"}
{"logTime": "0701/162524", "correlationVector":"R0hUVUc6+oZtTUdWmV4mdm.0","action":"CompareDataConsistency result: ", "result":"Compare result: Encryption Keys is consistent. local entities count is: 1 local entities hash is: BYeorVLDKxOHUIO5CgGfxROvZZI="}
{"logTime": "0701/162524", "correlationVector":"R0hUVUc6+oZtTUdWmV4mdm.1","action":"CompareDataConsistency result: ", "result":"Server did not send this Send Tab To Self local entities count is: 0 local entities hash is: "}
{"logTime": "0701/162524", "correlationVector":"HmcQN2kntlUzpqsQJLJgiH","action":"Commit Request", "result":"", "context":Item count: 2
Contributing types: Device Info, User Consents}
{"logTime": "0701/162524", "correlationVector":"HmcQN2kntlUzpqsQJLJgiH.1","action":"SyncServerConnectionManagerRequest", "result":"SYNC_SERVER_OK", "context":{"environment":"Prod_SoutheastAsia_000j", "migrationStage":"NotStarted", "server":"GENERAL0300001V"}}
{"logTime": "0701/162524", "correlationVector":"HmcQN2kntlUzpqsQJLJgiH.2","action":"Commit Response", "result":"Success", "context":Result: Success. cV=HmcQN2kntlUzpqsQJLJgiH.0;server=GENERAL0300001V;cloudType=Consumer;environment=Prod_SoutheastAsia_000j;migrationStage=NotStarted}
{"logTime": "0701/162524", "correlationVector":"","action":"DIAGNOSTIC_REQUEST|v1/diagnosticData/Diagnostic.SendCheckResult()|SUCCESS", "result":""}
{"logTime": "0701/162524", "correlationVector":"","action":"SyncDiagnosticRequest::ProcessDiagnosticResponse", "result":"DIAGNOSTIC_REQUEST|v1/diagnosticData/Diagnostic.SendCheckResult()|SUCCESS"}
{"logTime": "0701/162524", "correlationVector":"EvInLBvCYkKcG1wQZ5jfY3","action":"Normal GetUpdate request", "result":"", "context":cV=EvInLBvCYkKcG1wQZ5jfY3
Nudged types: Device Info}
{"logTime": "0701/162524", "correlationVector":"EvInLBvCYkKcG1wQZ5jfY3.1","action":"SyncServerConnectionManagerRequest", "result":"SYNC_SERVER_OK", "context":{"environment":"Prod_SoutheastAsia_000j", "migrationStage":"NotStarted", "server":"GENERAL0100001D"}}
{"logTime": "0701/162524", "correlationVector":"EvInLBvCYkKcG1wQZ5jfY3.2","action":"GetUpdates Response", "result":"Success", "context":Received 1 update(s). cV=EvInLBvCYkKcG1wQZ5jfY3.0;server=GENERAL0100001D;cloudType=Consumer;environment=Prod_SoutheastAsia_000j;migrationStage=NotStarted}
{"logTime": "0701/163013", "correlationVector":"yjxolCUszLYq3YhnLE+na3","action":"Normal GetUpdate request", "result":"", "context":cV=yjxolCUszLYq3YhnLE+na3
Refresh requested types: Device Info, User Consents, Send Tab To Self, Encryption Keys}
{"logTime": "0701/163013", "correlationVector":"yjxolCUszLYq3YhnLE+na3.1","action":"SyncServerConnectionManagerRequest", "result":"SYNC_SERVER_OK", "context":{"environment":"Prod_SoutheastAsia_000j", "migrationStage":"NotStarted", "server":"GENERAL01000003"}}
{"logTime": "0701/163013", "correlationVector":"yjxolCUszLYq3YhnLE+na3.2","action":"GetUpdates Response", "result":"Success", "context":Received 0 update(s). cV=yjxolCUszLYq3YhnLE+na3.0;server=GENERAL01000003;cloudType=Consumer;environment=Prod_SoutheastAsia_000j;migrationStage=NotStarted}
{"logTime": "0701/164018", "correlationVector":"/7dbwBj9n7etCVjwanxp1Q.1","action":"SyncServerConnectionManagerRequest", "result":"SYNC_SERVER_OK", "context":{"environment":"Prod_SoutheastAsia_000j", "migrationStage":"NotStarted", "server":"GENERAL03000032"}}
{"logTime": "0701/164018", "correlationVector":"Kxr0Juun/s23ENmhzysrAR","action":"SyncServerConnectionManagerRequest", "result":"SYNC_SERVER_OK", "context":{"environment":"", "migrationStage":"", "server":""}}
{"logTime": "0701/164018", "correlationVector":"/7dbwBj9n7etCVjwanxp1Q","action":"Initial GetUpdates", "result":"", "context":Reason: NEW_CLIENT. cV=/7dbwBj9n7etCVjwanxp1Q}
{"logTime": "0701/164018", "correlationVector":"/7dbwBj9n7etCVjwanxp1Q.2","action":"GetUpdates Response", "result":"Success", "context":Received 1 update(s). cV=/7dbwBj9n7etCVjwanxp1Q.0;server=GENERAL03000032;cloudType=Consumer;environment=Prod_SoutheastAsia_000j;migrationStage=NotStarted}
{"logTime": "0701/164018", "correlationVector":"uZ2CGsIaum09CPceXetcTk","action":"Normal GetUpdate request", "result":"", "context":cV=uZ2CGsIaum09CPceXetcTk
Refresh requested types: Device Info, User Consents, Send Tab To Self, Encryption Keys}
{"logTime": "0701/164018", "correlationVector":"uZ2CGsIaum09CPceXetcTk.1","action":"SyncServerConnectionManagerRequest", "result":"SYNC_SERVER_OK", "context":{"environment":"Prod_SoutheastAsia_000j", "migrationStage":"NotStarted", "server":"GENERAL01000012"}}
{"logTime": "0701/164018", "correlationVector":"uZ2CGsIaum09CPceXetcTk.2","action":"GetUpdates Response", "result":"Success", "context":Received 0 update(s). cV=uZ2CGsIaum09CPceXetcTk.0;server=GENERAL01000012;cloudType=Consumer;environment=Prod_SoutheastAsia_000j;migrationStage=NotStarted}
{"logTime": "0701/164516", "correlationVector":"G6Edw6XBy4EAKRhC7Xom64","action":"Normal GetUpdate request", "result":"", "context":cV=G6Edw6XBy4EAKRhC7Xom64
Refresh requested types: Device Info, User Consents, Send Tab To Self, Encryption Keys}
{"logTime": "0701/164516", "correlationVector":"G6Edw6XBy4EAKRhC7Xom64.1","action":"SyncServerConnectionManagerRequest", "result":"SYNC_SERVER_OK", "context":{"environment":"Prod_SoutheastAsia_000j", "migrationStage":"NotStarted", "server":"GENERAL0100000P"}}
{"logTime": "0701/164516", "correlationVector":"G6Edw6XBy4EAKRhC7Xom64.2","action":"GetUpdates Response", "result":"Success", "context":Received 0 update(s). cV=G6Edw6XBy4EAKRhC7Xom64.0;server=GENERAL0100000P;cloudType=Consumer;environment=Prod_SoutheastAsia_000j;migrationStage=NotStarted}
